<?xml version="1.0" encoding="UTF-8"?>
<robot generator="Robot 5.0.1 (Python 3.8.10 on win32)" generated="20220717 02:07:41.555" rpa="false" schemaversion="3">
<suite id="s1" name="Robot-Selenium01" source="C:\Users\Nithipan\OneDrive\Desktop\Robot-Selenium\robot-selenium01.robot">
<test id="s1-t1" name="jobth_01 Open jobth" line="15">
<kw name="Open jobth">
<kw name="Open Browser" library="SeleniumLibrary">
<arg>url=https://www.jobthai.com/%E0%B8%AB%E0%B8%B2%E0%B8%87%E0%B8%B2%E0%B8%99</arg>
<arg>browser=chrome</arg>
<doc>Opens a new browser instance to the optional ``url``.</doc>
<msg timestamp="20220717 02:07:41.694" level="INFO">Opening browser 'chrome' to base url 'https://www.jobthai.com/%E0%B8%AB%E0%B8%B2%E0%B8%87%E0%B8%B2%E0%B8%99'.</msg>
<status status="PASS" starttime="20220717 02:07:41.694" endtime="20220717 02:07:44.045"/>
</kw>
<status status="PASS" starttime="20220717 02:07:41.694" endtime="20220717 02:07:44.045"/>
</kw>
<status status="PASS" starttime="20220717 02:07:41.693" endtime="20220717 02:07:44.046"/>
</test>
<test id="s1-t2" name="jobth_02 Login" line="18">
<kw name="Login jobth">
<kw name="Wait Until Page Contains Element" library="SeleniumLibrary">
<arg>xpath=//div[@id="search-location"]/div</arg>
<arg>15s</arg>
<doc>Waits until the element ``locator`` appears on the current page.</doc>
<status status="PASS" starttime="20220717 02:07:44.047" endtime="20220717 02:07:44.055"/>
</kw>
<kw name="Click Element" library="SeleniumLibrary">
<arg>xpath=//div[@class="sc-11am6a-0 jGSQCc"]/div/img[@class="closeModalPreload sc-11am6a-2 ifLshv"]</arg>
<doc>Click the element identified by ``locator``.</doc>
<msg timestamp="20220717 02:07:44.055" level="INFO">Clicking element 'xpath=//div[@class="sc-11am6a-0 jGSQCc"]/div/img[@class="closeModalPreload sc-11am6a-2 ifLshv"]'.</msg>
<status status="PASS" starttime="20220717 02:07:44.055" endtime="20220717 02:07:44.084"/>
</kw>
<kw name="Click Element" library="SeleniumLibrary">
<arg>id=login-resume</arg>
<doc>Click the element identified by ``locator``.</doc>
<msg timestamp="20220717 02:07:44.085" level="INFO">Clicking element 'id=login-resume'.</msg>
<status status="PASS" starttime="20220717 02:07:44.084" endtime="20220717 02:07:45.818"/>
</kw>
<status status="PASS" starttime="20220717 02:07:44.047" endtime="20220717 02:07:45.818"/>
</kw>
<kw name="Insert User &amp; Password">
<kw name="Wait Until Page Contains Element" library="SeleniumLibrary">
<arg>name=username</arg>
<arg>15s</arg>
<doc>Waits until the element ``locator`` appears on the current page.</doc>
<status status="PASS" starttime="20220717 02:07:45.819" endtime="20220717 02:07:45.827"/>
</kw>
<kw name="Input Text" library="SeleniumLibrary">
<arg>name=username</arg>
<arg>${user}</arg>
<doc>Types the given ``text`` into the text field identified by ``locator``.</doc>
<msg timestamp="20220717 02:07:45.827" level="INFO">Typing text 'tong199494@gmail.com' into text field 'name=username'.</msg>
<status status="PASS" starttime="20220717 02:07:45.827" endtime="20220717 02:07:45.870"/>
</kw>
<kw name="Input Text" library="SeleniumLibrary">
<arg>name=password</arg>
<arg>${password}</arg>
<doc>Types the given ``text`` into the text field identified by ``locator``.</doc>
<msg timestamp="20220717 02:07:45.870" level="INFO">Typing text '11062537tong' into text field 'name=password'.</msg>
<status status="PASS" starttime="20220717 02:07:45.870" endtime="20220717 02:07:45.916"/>
</kw>
<kw name="Click Button" library="SeleniumLibrary">
<arg>id=btn_resume_login</arg>
<doc>Clicks the button identified by ``locator``.</doc>
<msg timestamp="20220717 02:07:45.916" level="INFO">Clicking button 'id=btn_resume_login'.</msg>
<status status="PASS" starttime="20220717 02:07:45.916" endtime="20220717 02:07:45.945"/>
</kw>
<status status="PASS" starttime="20220717 02:07:45.819" endtime="20220717 02:07:45.946"/>
</kw>
<status status="PASS" starttime="20220717 02:07:44.046" endtime="20220717 02:07:45.946"/>
</test>
<test id="s1-t3" name="jobth_03 Search job" line="22">
<kw name="Search job">
<kw name="Wait Until Page Contains Element" library="SeleniumLibrary">
<arg>xpath=//div[@id="search-location"]/div</arg>
<arg>15s</arg>
<doc>Waits until the element ``locator`` appears on the current page.</doc>
<status status="PASS" starttime="20220717 02:07:45.947" endtime="20220717 02:07:49.627"/>
</kw>
<kw name="Click Element" library="SeleniumLibrary">
<arg>xpath=//div[@id="search-location"]/div</arg>
<doc>Click the element identified by ``locator``.</doc>
<msg timestamp="20220717 02:07:49.627" level="INFO">Clicking element 'xpath=//div[@id="search-location"]/div'.</msg>
<status status="PASS" starttime="20220717 02:07:49.627" endtime="20220717 02:07:49.700"/>
</kw>
<kw name="Click Element" library="SeleniumLibrary">
<arg>id=option-workLocation-province,01</arg>
<doc>Click the element identified by ``locator``.</doc>
<msg timestamp="20220717 02:07:49.700" level="INFO">Clicking element 'id=option-workLocation-province,01'.</msg>
<status status="PASS" starttime="20220717 02:07:49.700" endtime="20220717 02:07:49.802"/>
</kw>
<kw name="Click Element" library="SeleniumLibrary">
<arg>xpath=//div[@class="cx929k-0 fXwhGq"]</arg>
<doc>Click the element identified by ``locator``.</doc>
<msg timestamp="20220717 02:07:49.802" level="INFO">Clicking element 'xpath=//div[@class="cx929k-0 fXwhGq"]'.</msg>
<status status="PASS" starttime="20220717 02:07:49.802" endtime="20220717 02:07:49.857"/>
</kw>
<kw name="Wait Until Page Contains Element" library="SeleniumLibrary">
<arg>id=option-jobtype-28</arg>
<arg>15s</arg>
<doc>Waits until the element ``locator`` appears on the current page.</doc>
<status status="PASS" starttime="20220717 02:07:49.857" endtime="20220717 02:07:49.932"/>
</kw>
<kw name="Click Element" library="SeleniumLibrary">
<arg>id=option-jobtype-28</arg>
<doc>Click the element identified by ``locator``.</doc>
<msg timestamp="20220717 02:07:49.932" level="INFO">Clicking element 'id=option-jobtype-28'.</msg>
<status status="PASS" starttime="20220717 02:07:49.932" endtime="20220717 02:07:50.034"/>
</kw>
<kw name="Wait Until Page Contains Element" library="SeleniumLibrary">
<arg>xpath=//div[@id="option-jobtype-subjobtype-28-110"]/div[@class="ant-col ant-col-22 ijyf0c-4 hKVMl"]</arg>
<arg>15s</arg>
<doc>Waits until the element ``locator`` appears on the current page.</doc>
<status status="PASS" starttime="20220717 02:07:50.034" endtime="20220717 02:07:50.042"/>
</kw>
<kw name="Click Element" library="SeleniumLibrary">
<arg>xpath=//div[@id="option-jobtype-subjobtype-28-110"]/div[@class="ant-col ant-col-22 ijyf0c-4 hKVMl"]</arg>
<doc>Click the element identified by ``locator``.</doc>
<msg timestamp="20220717 02:07:50.042" level="INFO">Clicking element 'xpath=//div[@id="option-jobtype-subjobtype-28-110"]/div[@class="ant-col ant-col-22 ijyf0c-4 hKVMl"]'.</msg>
<status status="PASS" starttime="20220717 02:07:50.042" endtime="20220717 02:07:50.151"/>
</kw>
<kw name="Click Element" library="SeleniumLibrary">
<arg>xpath=//div[@id="option-jobtype-subjobtype-28-116"]/div[@class="ant-col ant-col-22 ijyf0c-4 hKVMl"]</arg>
<doc>Click the element identified by ``locator``.</doc>
<msg timestamp="20220717 02:07:50.152" level="INFO">Clicking element 'xpath=//div[@id="option-jobtype-subjobtype-28-116"]/div[@class="ant-col ant-col-22 ijyf0c-4 hKVMl"]'.</msg>
<status status="PASS" starttime="20220717 02:07:50.152" endtime="20220717 02:07:50.243"/>
</kw>
<kw name="Click Element" library="SeleniumLibrary">
<arg>xpath=//div[@class="sc-12taqvr-3 jEkSpi"]</arg>
<doc>Click the element identified by ``locator``.</doc>
<msg timestamp="20220717 02:07:50.243" level="INFO">Clicking element 'xpath=//div[@class="sc-12taqvr-3 jEkSpi"]'.</msg>
<status status="PASS" starttime="20220717 02:07:50.243" endtime="20220717 02:07:50.334"/>
</kw>
<kw name="Input Text" library="SeleniumLibrary">
<arg>id=input-pophover-keyword</arg>
<arg>${search}</arg>
<doc>Types the given ``text`` into the text field identified by ``locator``.</doc>
<msg timestamp="20220717 02:07:50.335" level="INFO">Typing text 'Engineer' into text field 'id=input-pophover-keyword'.</msg>
<status status="PASS" starttime="20220717 02:07:50.335" endtime="20220717 02:07:50.639"/>
</kw>
<kw name="Press Keys" library="SeleniumLibrary">
<arg>id=input-pophover-keyword</arg>
<arg>ENTER</arg>
<doc>Simulates the user pressing key(s) to an element or on the active browser.</doc>
<msg timestamp="20220717 02:07:50.640" level="INFO">Sending key(s) ('ENTER',) to id=input-pophover-keyword element.</msg>
<msg timestamp="20220717 02:07:50.939" level="INFO">Pressing special key ENTER to element.</msg>
<msg timestamp="20220717 02:07:50.939" level="INFO">Releasing special key ENTER.</msg>
<status status="PASS" starttime="20220717 02:07:50.639" endtime="20220717 02:07:50.958"/>
</kw>
<status status="PASS" starttime="20220717 02:07:45.947" endtime="20220717 02:07:50.958"/>
</kw>
<status status="PASS" starttime="20220717 02:07:45.947" endtime="20220717 02:07:50.959"/>
</test>
<status status="PASS" starttime="20220717 02:07:41.557" endtime="20220717 02:07:50.959"/>
</suite>
<statistics>
<total>
<stat pass="3" fail="0" skip="0">All Tests</stat>
</total>
<tag>
</tag>
<suite>
<stat pass="3" fail="0" skip="0" id="s1" name="Robot-Selenium01">Robot-Selenium01</stat>
</suite>
</statistics>
<errors>
</errors>
</robot>
